<?xml version="1.0" encoding="UTF-8"?>
<testsuite xmlns:xsi="http://www.w3.org/2001/XMLSchema-instance" xsi:noNamespaceSchemaLocation="https://maven.apache.org/surefire/maven-surefire-plugin/xsd/surefire-test-report.xsd" version="3.0.1" name="com.judge.auth.app.AppTest" time="0.028" tests="1" errors="0" skipped="0" failures="0">
  <properties>
    <property name="java.specification.version" value="23"/>
    <property name="sun.jnu.encoding" value="UTF-8"/>
    <property name="java.class.path" value="/home/danieludzlieresi/Desktop/backend-project/AuthService/judge-auth/target/test-classes:/home/danieludzlieresi/Desktop/backend-project/AuthService/judge-auth/target/classes:/home/danieludzlieresi/.m2/repository/org/junit/jupiter/junit-jupiter-api/5.11.0/junit-jupiter-api-5.11.0.jar:/home/danieludzlieresi/.m2/repository/org/opentest4j/opentest4j/1.3.0/opentest4j-1.3.0.jar:/home/danieludzlieresi/.m2/repository/org/junit/platform/junit-platform-commons/1.11.0/junit-platform-commons-1.11.0.jar:/home/danieludzlieresi/.m2/repository/org/apiguardian/apiguardian-api/1.1.2/apiguardian-api-1.1.2.jar:/home/danieludzlieresi/.m2/repository/org/springframework/boot/spring-boot-starter-web/3.4.3/spring-boot-starter-web-3.4.3.jar:/home/danieludzlieresi/.m2/repository/org/springframework/boot/spring-boot-starter/3.1.5/spring-boot-starter-3.1.5.jar:/home/danieludzlieresi/.m2/repository/org/springframework/boot/spring-boot/3.1.5/spring-boot-3.1.5.jar:/home/danieludzlieresi/.m2/repository/org/springframework/boot/spring-boot-autoconfigure/3.1.5/spring-boot-autoconfigure-3.1.5.jar:/home/danieludzlieresi/.m2/repository/org/springframework/boot/spring-boot-starter-logging/3.1.5/spring-boot-starter-logging-3.1.5.jar:/home/danieludzlieresi/.m2/repository/ch/qos/logback/logback-classic/1.4.11/logback-classic-1.4.11.jar:/home/danieludzlieresi/.m2/repository/ch/qos/logback/logback-core/1.4.11/logback-core-1.4.11.jar:/home/danieludzlieresi/.m2/repository/org/apache/logging/log4j/log4j-to-slf4j/2.20.0/log4j-to-slf4j-2.20.0.jar:/home/danieludzlieresi/.m2/repository/org/apache/logging/log4j/log4j-api/2.20.0/log4j-api-2.20.0.jar:/home/danieludzlieresi/.m2/repository/org/slf4j/jul-to-slf4j/2.0.9/jul-to-slf4j-2.0.9.jar:/home/danieludzlieresi/.m2/repository/jakarta/annotation/jakarta.annotation-api/2.1.1/jakarta.annotation-api-2.1.1.jar:/home/danieludzlieresi/.m2/repository/org/springframework/spring-core/6.0.13/spring-core-6.0.13.jar:/home/danieludzlieresi/.m2/repository/org/springframework/spring-jcl/6.0.13/spring-jcl-6.0.13.jar:/home/danieludzlieresi/.m2/repository/org/yaml/snakeyaml/1.33/snakeyaml-1.33.jar:/home/danieludzlieresi/.m2/repository/org/springframework/boot/spring-boot-starter-json/3.1.5/spring-boot-starter-json-3.1.5.jar:/home/danieludzlieresi/.m2/repository/com/fasterxml/jackson/core/jackson-databind/2.15.3/jackson-databind-2.15.3.jar:/home/danieludzlieresi/.m2/repository/com/fasterxml/jackson/core/jackson-annotations/2.15.3/jackson-annotations-2.15.3.jar:/home/danieludzlieresi/.m2/repository/com/fasterxml/jackson/core/jackson-core/2.15.3/jackson-core-2.15.3.jar:/home/danieludzlieresi/.m2/repository/com/fasterxml/jackson/datatype/jackson-datatype-jdk8/2.15.3/jackson-datatype-jdk8-2.15.3.jar:/home/danieludzlieresi/.m2/repository/com/fasterxml/jackson/datatype/jackson-datatype-jsr310/2.15.3/jackson-datatype-jsr310-2.15.3.jar:/home/danieludzlieresi/.m2/repository/com/fasterxml/jackson/module/jackson-module-parameter-names/2.15.3/jackson-module-parameter-names-2.15.3.jar:/home/danieludzlieresi/.m2/repository/org/springframework/boot/spring-boot-starter-tomcat/3.1.5/spring-boot-starter-tomcat-3.1.5.jar:/home/danieludzlieresi/.m2/repository/org/apache/tomcat/embed/tomcat-embed-core/10.1.15/tomcat-embed-core-10.1.15.jar:/home/danieludzlieresi/.m2/repository/org/apache/tomcat/embed/tomcat-embed-el/10.1.15/tomcat-embed-el-10.1.15.jar:/home/danieludzlieresi/.m2/repository/org/apache/tomcat/embed/tomcat-embed-websocket/10.1.15/tomcat-embed-websocket-10.1.15.jar:/home/danieludzlieresi/.m2/repository/org/springframework/spring-web/6.0.13/spring-web-6.0.13.jar:/home/danieludzlieresi/.m2/repository/org/springframework/spring-beans/6.0.13/spring-beans-6.0.13.jar:/home/danieludzlieresi/.m2/repository/io/micrometer/micrometer-observation/1.11.5/micrometer-observation-1.11.5.jar:/home/danieludzlieresi/.m2/repository/io/micrometer/micrometer-commons/1.11.5/micrometer-commons-1.11.5.jar:/home/danieludzlieresi/.m2/repository/org/springframework/spring-webmvc/6.0.13/spring-webmvc-6.0.13.jar:/home/danieludzlieresi/.m2/repository/org/springframework/spring-aop/6.0.13/spring-aop-6.0.13.jar:/home/danieludzlieresi/.m2/repository/org/springframework/spring-context/6.0.13/spring-context-6.0.13.jar:/home/danieludzlieresi/.m2/repository/org/springframework/spring-expression/6.0.13/spring-expression-6.0.13.jar:/home/danieludzlieresi/.m2/repository/org/springframework/boot/spring-boot-starter-data-jpa/3.4.3/spring-boot-starter-data-jpa-3.4.3.jar:/home/danieludzlieresi/.m2/repository/org/springframework/boot/spring-boot-starter-jdbc/3.1.5/spring-boot-starter-jdbc-3.1.5.jar:/home/danieludzlieresi/.m2/repository/com/zaxxer/HikariCP/5.0.1/HikariCP-5.0.1.jar:/home/danieludzlieresi/.m2/repository/org/springframework/spring-jdbc/6.0.13/spring-jdbc-6.0.13.jar:/home/danieludzlieresi/.m2/repository/org/hibernate/orm/hibernate-core/6.2.13.Final/hibernate-core-6.2.13.Final.jar:/home/danieludzlieresi/.m2/repository/jakarta/persistence/jakarta.persistence-api/3.1.0/jakarta.persistence-api-3.1.0.jar:/home/danieludzlieresi/.m2/repository/jakarta/transaction/jakarta.transaction-api/2.0.1/jakarta.transaction-api-2.0.1.jar:/home/danieludzlieresi/.m2/repository/org/jboss/logging/jboss-logging/3.5.3.Final/jboss-logging-3.5.3.Final.jar:/home/danieludzlieresi/.m2/repository/org/hibernate/common/hibernate-commons-annotations/6.0.6.Final/hibernate-commons-annotations-6.0.6.Final.jar:/home/danieludzlieresi/.m2/repository/io/smallrye/jandex/3.0.5/jandex-3.0.5.jar:/home/danieludzlieresi/.m2/repository/com/fasterxml/classmate/1.5.1/classmate-1.5.1.jar:/home/danieludzlieresi/.m2/repository/net/bytebuddy/byte-buddy/1.14.9/byte-buddy-1.14.9.jar:/home/danieludzlieresi/.m2/repository/jakarta/xml/bind/jakarta.xml.bind-api/4.0.1/jakarta.xml.bind-api-4.0.1.jar:/home/danieludzlieresi/.m2/repository/jakarta/activation/jakarta.activation-api/2.1.2/jakarta.activation-api-2.1.2.jar:/home/danieludzlieresi/.m2/repository/org/glassfish/jaxb/jaxb-runtime/4.0.3/jaxb-runtime-4.0.3.jar:/home/danieludzlieresi/.m2/repository/org/glassfish/jaxb/jaxb-core/4.0.3/jaxb-core-4.0.3.jar:/home/danieludzlieresi/.m2/repository/org/eclipse/angus/angus-activation/2.0.1/angus-activation-2.0.1.jar:/home/danieludzlieresi/.m2/repository/org/glassfish/jaxb/txw2/4.0.3/txw2-4.0.3.jar:/home/danieludzlieresi/.m2/repository/com/sun/istack/istack-commons-runtime/4.1.2/istack-commons-runtime-4.1.2.jar:/home/danieludzlieresi/.m2/repository/jakarta/inject/jakarta.inject-api/2.0.1/jakarta.inject-api-2.0.1.jar:/home/danieludzlieresi/.m2/repository/org/antlr/antlr4-runtime/4.10.1/antlr4-runtime-4.10.1.jar:/home/danieludzlieresi/.m2/repository/org/springframework/data/spring-data-jpa/3.1.5/spring-data-jpa-3.1.5.jar:/home/danieludzlieresi/.m2/repository/org/springframework/data/spring-data-commons/3.1.5/spring-data-commons-3.1.5.jar:/home/danieludzlieresi/.m2/repository/org/springframework/spring-orm/6.0.13/spring-orm-6.0.13.jar:/home/danieludzlieresi/.m2/repository/org/springframework/spring-tx/6.0.13/spring-tx-6.0.13.jar:/home/danieludzlieresi/.m2/repository/org/slf4j/slf4j-api/2.0.9/slf4j-api-2.0.9.jar:/home/danieludzlieresi/.m2/repository/org/springframework/spring-aspects/6.0.13/spring-aspects-6.0.13.jar:/home/danieludzlieresi/.m2/repository/org/aspectj/aspectjweaver/1.9.20/aspectjweaver-1.9.20.jar:/home/danieludzlieresi/.m2/repository/org/postgresql/postgresql/42.7.5/postgresql-42.7.5.jar:/home/danieludzlieresi/.m2/repository/org/checkerframework/checker-qual/3.48.3/checker-qual-3.48.3.jar:/home/danieludzlieresi/.m2/repository/org/projectlombok/lombok/1.18.36/lombok-1.18.36.jar:/home/danieludzlieresi/.m2/repository/io/jsonwebtoken/jjwt-impl/0.12.6/jjwt-impl-0.12.6.jar:/home/danieludzlieresi/.m2/repository/io/jsonwebtoken/jjwt-api/0.12.6/jjwt-api-0.12.6.jar:/home/danieludzlieresi/.m2/repository/org/springframework/security/spring-security-crypto/6.4.4/spring-security-crypto-6.4.4.jar:/home/danieludzlieresi/.m2/repository/net/devh/grpc-spring-boot-starter/2.15.0.RELEASE/grpc-spring-boot-starter-2.15.0.RELEASE.jar:/home/danieludzlieresi/.m2/repository/net/devh/grpc-server-spring-boot-starter/2.15.0.RELEASE/grpc-server-spring-boot-starter-2.15.0.RELEASE.jar:/home/danieludzlieresi/.m2/repository/net/devh/grpc-server-spring-boot-autoconfigure/2.15.0.RELEASE/grpc-server-spring-boot-autoconfigure-2.15.0.RELEASE.jar:/home/danieludzlieresi/.m2/repository/net/devh/grpc-common-spring-boot/2.15.0.RELEASE/grpc-common-spring-boot-2.15.0.RELEASE.jar:/home/danieludzlieresi/.m2/repository/io/grpc/grpc-core/1.58.0/grpc-core-1.58.0.jar:/home/danieludzlieresi/.m2/repository/com/google/android/annotations/4.1.1.4/annotations-4.1.1.4.jar:/home/danieludzlieresi/.m2/repository/org/codehaus/mojo/animal-sniffer-annotations/1.23/animal-sniffer-annotations-1.23.jar:/home/danieludzlieresi/.m2/repository/io/grpc/grpc-context/1.58.0/grpc-context-1.58.0.jar:/home/danieludzlieresi/.m2/repository/io/grpc/grpc-inprocess/1.58.0/grpc-inprocess-1.58.0.jar:/home/danieludzlieresi/.m2/repository/io/grpc/grpc-netty-shaded/1.58.0/grpc-netty-shaded-1.58.0.jar:/home/danieludzlieresi/.m2/repository/io/perfmark/perfmark-api/0.26.0/perfmark-api-0.26.0.jar:/home/danieludzlieresi/.m2/repository/io/grpc/grpc-services/1.58.0/grpc-services-1.58.0.jar:/home/danieludzlieresi/.m2/repository/io/grpc/grpc-util/1.58.0/grpc-util-1.58.0.jar:/home/danieludzlieresi/.m2/repository/com/google/protobuf/protobuf-java-util/3.24.0/protobuf-java-util-3.24.0.jar:/home/danieludzlieresi/.m2/repository/com/google/code/gson/gson/2.10.1/gson-2.10.1.jar:/home/danieludzlieresi/.m2/repository/net/devh/grpc-client-spring-boot-starter/2.15.0.RELEASE/grpc-client-spring-boot-starter-2.15.0.RELEASE.jar:/home/danieludzlieresi/.m2/repository/net/devh/grpc-client-spring-boot-autoconfigure/2.15.0.RELEASE/grpc-client-spring-boot-autoconfigure-2.15.0.RELEASE.jar:/home/danieludzlieresi/.m2/repository/io/grpc/grpc-protobuf/1.60.0/grpc-protobuf-1.60.0.jar:/home/danieludzlieresi/.m2/repository/io/grpc/grpc-api/1.60.0/grpc-api-1.60.0.jar:/home/danieludzlieresi/.m2/repository/com/google/code/findbugs/jsr305/3.0.2/jsr305-3.0.2.jar:/home/danieludzlieresi/.m2/repository/com/google/api/grpc/proto-google-common-protos/2.22.0/proto-google-common-protos-2.22.0.jar:/home/danieludzlieresi/.m2/repository/io/grpc/grpc-protobuf-lite/1.60.0/grpc-protobuf-lite-1.60.0.jar:/home/danieludzlieresi/.m2/repository/com/google/guava/guava/32.0.1-android/guava-32.0.1-android.jar:/home/danieludzlieresi/.m2/repository/com/google/guava/failureaccess/1.0.1/failureaccess-1.0.1.jar:/home/danieludzlieresi/.m2/repository/com/google/guava/listenablefuture/9999.0-empty-to-avoid-conflict-with-guava/listenablefuture-9999.0-empty-to-avoid-conflict-with-guava.jar:/home/danieludzlieresi/.m2/repository/com/google/j2objc/j2objc-annotations/2.8/j2objc-annotations-2.8.jar:/home/danieludzlieresi/.m2/repository/io/grpc/grpc-stub/1.60.0/grpc-stub-1.60.0.jar:/home/danieludzlieresi/.m2/repository/com/google/errorprone/error_prone_annotations/2.20.0/error_prone_annotations-2.20.0.jar:/home/danieludzlieresi/.m2/repository/com/google/protobuf/protobuf-java/3.25.1/protobuf-java-3.25.1.jar:/home/danieludzlieresi/.m2/repository/javax/annotation/javax.annotation-api/1.3.2/javax.annotation-api-1.3.2.jar:"/>
    <property name="java.vm.vendor" value="Oracle Corporation"/>
    <property name="sun.arch.data.model" value="64"/>
    <property name="java.vendor.url" value="https://java.oracle.com/"/>
    <property name="os.name" value="Linux"/>
    <property name="java.vm.specification.version" value="23"/>
    <property name="sun.java.launcher" value="SUN_STANDARD"/>
    <property name="user.country" value="US"/>
    <property name="sun.boot.library.path" value="/opt/jdk-23/lib"/>
    <property name="sun.java.command" value="/home/danieludzlieresi/Desktop/backend-project/AuthService/judge-auth/target/surefire/surefirebooter-20250329223737633_3.jar /home/danieludzlieresi/Desktop/backend-project/AuthService/judge-auth/target/surefire 2025-03-29T22-37-37_581-jvmRun1 surefire-20250329223737633_1tmp surefire_0-20250329223737633_2tmp"/>
    <property name="jdk.debug" value="release"/>
    <property name="surefire.test.class.path" value="/home/danieludzlieresi/Desktop/backend-project/AuthService/judge-auth/target/test-classes:/home/danieludzlieresi/Desktop/backend-project/AuthService/judge-auth/target/classes:/home/danieludzlieresi/.m2/repository/org/junit/jupiter/junit-jupiter-api/5.11.0/junit-jupiter-api-5.11.0.jar:/home/danieludzlieresi/.m2/repository/org/opentest4j/opentest4j/1.3.0/opentest4j-1.3.0.jar:/home/danieludzlieresi/.m2/repository/org/junit/platform/junit-platform-commons/1.11.0/junit-platform-commons-1.11.0.jar:/home/danieludzlieresi/.m2/repository/org/apiguardian/apiguardian-api/1.1.2/apiguardian-api-1.1.2.jar:/home/danieludzlieresi/.m2/repository/org/springframework/boot/spring-boot-starter-web/3.4.3/spring-boot-starter-web-3.4.3.jar:/home/danieludzlieresi/.m2/repository/org/springframework/boot/spring-boot-starter/3.1.5/spring-boot-starter-3.1.5.jar:/home/danieludzlieresi/.m2/repository/org/springframework/boot/spring-boot/3.1.5/spring-boot-3.1.5.jar:/home/danieludzlieresi/.m2/repository/org/springframework/boot/spring-boot-autoconfigure/3.1.5/spring-boot-autoconfigure-3.1.5.jar:/home/danieludzlieresi/.m2/repository/org/springframework/boot/spring-boot-starter-logging/3.1.5/spring-boot-starter-logging-3.1.5.jar:/home/danieludzlieresi/.m2/repository/ch/qos/logback/logback-classic/1.4.11/logback-classic-1.4.11.jar:/home/danieludzlieresi/.m2/repository/ch/qos/logback/logback-core/1.4.11/logback-core-1.4.11.jar:/home/danieludzlieresi/.m2/repository/org/apache/logging/log4j/log4j-to-slf4j/2.20.0/log4j-to-slf4j-2.20.0.jar:/home/danieludzlieresi/.m2/repository/org/apache/logging/log4j/log4j-api/2.20.0/log4j-api-2.20.0.jar:/home/danieludzlieresi/.m2/repository/org/slf4j/jul-to-slf4j/2.0.9/jul-to-slf4j-2.0.9.jar:/home/danieludzlieresi/.m2/repository/jakarta/annotation/jakarta.annotation-api/2.1.1/jakarta.annotation-api-2.1.1.jar:/home/danieludzlieresi/.m2/repository/org/springframework/spring-core/6.0.13/spring-core-6.0.13.jar:/home/danieludzlieresi/.m2/repository/org/springframework/spring-jcl/6.0.13/spring-jcl-6.0.13.jar:/home/danieludzlieresi/.m2/repository/org/yaml/snakeyaml/1.33/snakeyaml-1.33.jar:/home/danieludzlieresi/.m2/repository/org/springframework/boot/spring-boot-starter-json/3.1.5/spring-boot-starter-json-3.1.5.jar:/home/danieludzlieresi/.m2/repository/com/fasterxml/jackson/core/jackson-databind/2.15.3/jackson-databind-2.15.3.jar:/home/danieludzlieresi/.m2/repository/com/fasterxml/jackson/core/jackson-annotations/2.15.3/jackson-annotations-2.15.3.jar:/home/danieludzlieresi/.m2/repository/com/fasterxml/jackson/core/jackson-core/2.15.3/jackson-core-2.15.3.jar:/home/danieludzlieresi/.m2/repository/com/fasterxml/jackson/datatype/jackson-datatype-jdk8/2.15.3/jackson-datatype-jdk8-2.15.3.jar:/home/danieludzlieresi/.m2/repository/com/fasterxml/jackson/datatype/jackson-datatype-jsr310/2.15.3/jackson-datatype-jsr310-2.15.3.jar:/home/danieludzlieresi/.m2/repository/com/fasterxml/jackson/module/jackson-module-parameter-names/2.15.3/jackson-module-parameter-names-2.15.3.jar:/home/danieludzlieresi/.m2/repository/org/springframework/boot/spring-boot-starter-tomcat/3.1.5/spring-boot-starter-tomcat-3.1.5.jar:/home/danieludzlieresi/.m2/repository/org/apache/tomcat/embed/tomcat-embed-core/10.1.15/tomcat-embed-core-10.1.15.jar:/home/danieludzlieresi/.m2/repository/org/apache/tomcat/embed/tomcat-embed-el/10.1.15/tomcat-embed-el-10.1.15.jar:/home/danieludzlieresi/.m2/repository/org/apache/tomcat/embed/tomcat-embed-websocket/10.1.15/tomcat-embed-websocket-10.1.15.jar:/home/danieludzlieresi/.m2/repository/org/springframework/spring-web/6.0.13/spring-web-6.0.13.jar:/home/danieludzlieresi/.m2/repository/org/springframework/spring-beans/6.0.13/spring-beans-6.0.13.jar:/home/danieludzlieresi/.m2/repository/io/micrometer/micrometer-observation/1.11.5/micrometer-observation-1.11.5.jar:/home/danieludzlieresi/.m2/repository/io/micrometer/micrometer-commons/1.11.5/micrometer-commons-1.11.5.jar:/home/danieludzlieresi/.m2/repository/org/springframework/spring-webmvc/6.0.13/spring-webmvc-6.0.13.jar:/home/danieludzlieresi/.m2/repository/org/springframework/spring-aop/6.0.13/spring-aop-6.0.13.jar:/home/danieludzlieresi/.m2/repository/org/springframework/spring-context/6.0.13/spring-context-6.0.13.jar:/home/danieludzlieresi/.m2/repository/org/springframework/spring-expression/6.0.13/spring-expression-6.0.13.jar:/home/danieludzlieresi/.m2/repository/org/springframework/boot/spring-boot-starter-data-jpa/3.4.3/spring-boot-starter-data-jpa-3.4.3.jar:/home/danieludzlieresi/.m2/repository/org/springframework/boot/spring-boot-starter-jdbc/3.1.5/spring-boot-starter-jdbc-3.1.5.jar:/home/danieludzlieresi/.m2/repository/com/zaxxer/HikariCP/5.0.1/HikariCP-5.0.1.jar:/home/danieludzlieresi/.m2/repository/org/springframework/spring-jdbc/6.0.13/spring-jdbc-6.0.13.jar:/home/danieludzlieresi/.m2/repository/org/hibernate/orm/hibernate-core/6.2.13.Final/hibernate-core-6.2.13.Final.jar:/home/danieludzlieresi/.m2/repository/jakarta/persistence/jakarta.persistence-api/3.1.0/jakarta.persistence-api-3.1.0.jar:/home/danieludzlieresi/.m2/repository/jakarta/transaction/jakarta.transaction-api/2.0.1/jakarta.transaction-api-2.0.1.jar:/home/danieludzlieresi/.m2/repository/org/jboss/logging/jboss-logging/3.5.3.Final/jboss-logging-3.5.3.Final.jar:/home/danieludzlieresi/.m2/repository/org/hibernate/common/hibernate-commons-annotations/6.0.6.Final/hibernate-commons-annotations-6.0.6.Final.jar:/home/danieludzlieresi/.m2/repository/io/smallrye/jandex/3.0.5/jandex-3.0.5.jar:/home/danieludzlieresi/.m2/repository/com/fasterxml/classmate/1.5.1/classmate-1.5.1.jar:/home/danieludzlieresi/.m2/repository/net/bytebuddy/byte-buddy/1.14.9/byte-buddy-1.14.9.jar:/home/danieludzlieresi/.m2/repository/jakarta/xml/bind/jakarta.xml.bind-api/4.0.1/jakarta.xml.bind-api-4.0.1.jar:/home/danieludzlieresi/.m2/repository/jakarta/activation/jakarta.activation-api/2.1.2/jakarta.activation-api-2.1.2.jar:/home/danieludzlieresi/.m2/repository/org/glassfish/jaxb/jaxb-runtime/4.0.3/jaxb-runtime-4.0.3.jar:/home/danieludzlieresi/.m2/repository/org/glassfish/jaxb/jaxb-core/4.0.3/jaxb-core-4.0.3.jar:/home/danieludzlieresi/.m2/repository/org/eclipse/angus/angus-activation/2.0.1/angus-activation-2.0.1.jar:/home/danieludzlieresi/.m2/repository/org/glassfish/jaxb/txw2/4.0.3/txw2-4.0.3.jar:/home/danieludzlieresi/.m2/repository/com/sun/istack/istack-commons-runtime/4.1.2/istack-commons-runtime-4.1.2.jar:/home/danieludzlieresi/.m2/repository/jakarta/inject/jakarta.inject-api/2.0.1/jakarta.inject-api-2.0.1.jar:/home/danieludzlieresi/.m2/repository/org/antlr/antlr4-runtime/4.10.1/antlr4-runtime-4.10.1.jar:/home/danieludzlieresi/.m2/repository/org/springframework/data/spring-data-jpa/3.1.5/spring-data-jpa-3.1.5.jar:/home/danieludzlieresi/.m2/repository/org/springframework/data/spring-data-commons/3.1.5/spring-data-commons-3.1.5.jar:/home/danieludzlieresi/.m2/repository/org/springframework/spring-orm/6.0.13/spring-orm-6.0.13.jar:/home/danieludzlieresi/.m2/repository/org/springframework/spring-tx/6.0.13/spring-tx-6.0.13.jar:/home/danieludzlieresi/.m2/repository/org/slf4j/slf4j-api/2.0.9/slf4j-api-2.0.9.jar:/home/danieludzlieresi/.m2/repository/org/springframework/spring-aspects/6.0.13/spring-aspects-6.0.13.jar:/home/danieludzlieresi/.m2/repository/org/aspectj/aspectjweaver/1.9.20/aspectjweaver-1.9.20.jar:/home/danieludzlieresi/.m2/repository/org/postgresql/postgresql/42.7.5/postgresql-42.7.5.jar:/home/danieludzlieresi/.m2/repository/org/checkerframework/checker-qual/3.48.3/checker-qual-3.48.3.jar:/home/danieludzlieresi/.m2/repository/org/projectlombok/lombok/1.18.36/lombok-1.18.36.jar:/home/danieludzlieresi/.m2/repository/io/jsonwebtoken/jjwt-impl/0.12.6/jjwt-impl-0.12.6.jar:/home/danieludzlieresi/.m2/repository/io/jsonwebtoken/jjwt-api/0.12.6/jjwt-api-0.12.6.jar:/home/danieludzlieresi/.m2/repository/org/springframework/security/spring-security-crypto/6.4.4/spring-security-crypto-6.4.4.jar:/home/danieludzlieresi/.m2/repository/net/devh/grpc-spring-boot-starter/2.15.0.RELEASE/grpc-spring-boot-starter-2.15.0.RELEASE.jar:/home/danieludzlieresi/.m2/repository/net/devh/grpc-server-spring-boot-starter/2.15.0.RELEASE/grpc-server-spring-boot-starter-2.15.0.RELEASE.jar:/home/danieludzlieresi/.m2/repository/net/devh/grpc-server-spring-boot-autoconfigure/2.15.0.RELEASE/grpc-server-spring-boot-autoconfigure-2.15.0.RELEASE.jar:/home/danieludzlieresi/.m2/repository/net/devh/grpc-common-spring-boot/2.15.0.RELEASE/grpc-common-spring-boot-2.15.0.RELEASE.jar:/home/danieludzlieresi/.m2/repository/io/grpc/grpc-core/1.58.0/grpc-core-1.58.0.jar:/home/danieludzlieresi/.m2/repository/com/google/android/annotations/4.1.1.4/annotations-4.1.1.4.jar:/home/danieludzlieresi/.m2/repository/org/codehaus/mojo/animal-sniffer-annotations/1.23/animal-sniffer-annotations-1.23.jar:/home/danieludzlieresi/.m2/repository/io/grpc/grpc-context/1.58.0/grpc-context-1.58.0.jar:/home/danieludzlieresi/.m2/repository/io/grpc/grpc-inprocess/1.58.0/grpc-inprocess-1.58.0.jar:/home/danieludzlieresi/.m2/repository/io/grpc/grpc-netty-shaded/1.58.0/grpc-netty-shaded-1.58.0.jar:/home/danieludzlieresi/.m2/repository/io/perfmark/perfmark-api/0.26.0/perfmark-api-0.26.0.jar:/home/danieludzlieresi/.m2/repository/io/grpc/grpc-services/1.58.0/grpc-services-1.58.0.jar:/home/danieludzlieresi/.m2/repository/io/grpc/grpc-util/1.58.0/grpc-util-1.58.0.jar:/home/danieludzlieresi/.m2/repository/com/google/protobuf/protobuf-java-util/3.24.0/protobuf-java-util-3.24.0.jar:/home/danieludzlieresi/.m2/repository/com/google/code/gson/gson/2.10.1/gson-2.10.1.jar:/home/danieludzlieresi/.m2/repository/net/devh/grpc-client-spring-boot-starter/2.15.0.RELEASE/grpc-client-spring-boot-starter-2.15.0.RELEASE.jar:/home/danieludzlieresi/.m2/repository/net/devh/grpc-client-spring-boot-autoconfigure/2.15.0.RELEASE/grpc-client-spring-boot-autoconfigure-2.15.0.RELEASE.jar:/home/danieludzlieresi/.m2/repository/io/grpc/grpc-protobuf/1.60.0/grpc-protobuf-1.60.0.jar:/home/danieludzlieresi/.m2/repository/io/grpc/grpc-api/1.60.0/grpc-api-1.60.0.jar:/home/danieludzlieresi/.m2/repository/com/google/code/findbugs/jsr305/3.0.2/jsr305-3.0.2.jar:/home/danieludzlieresi/.m2/repository/com/google/api/grpc/proto-google-common-protos/2.22.0/proto-google-common-protos-2.22.0.jar:/home/danieludzlieresi/.m2/repository/io/grpc/grpc-protobuf-lite/1.60.0/grpc-protobuf-lite-1.60.0.jar:/home/danieludzlieresi/.m2/repository/com/google/guava/guava/32.0.1-android/guava-32.0.1-android.jar:/home/danieludzlieresi/.m2/repository/com/google/guava/failureaccess/1.0.1/failureaccess-1.0.1.jar:/home/danieludzlieresi/.m2/repository/com/google/guava/listenablefuture/9999.0-empty-to-avoid-conflict-with-guava/listenablefuture-9999.0-empty-to-avoid-conflict-with-guava.jar:/home/danieludzlieresi/.m2/repository/com/google/j2objc/j2objc-annotations/2.8/j2objc-annotations-2.8.jar:/home/danieludzlieresi/.m2/repository/io/grpc/grpc-stub/1.60.0/grpc-stub-1.60.0.jar:/home/danieludzlieresi/.m2/repository/com/google/errorprone/error_prone_annotations/2.20.0/error_prone_annotations-2.20.0.jar:/home/danieludzlieresi/.m2/repository/com/google/protobuf/protobuf-java/3.25.1/protobuf-java-3.25.1.jar:/home/danieludzlieresi/.m2/repository/javax/annotation/javax.annotation-api/1.3.2/javax.annotation-api-1.3.2.jar:"/>
    <property name="sun.cpu.endian" value="little"/>
    <property name="user.home" value="/home/danieludzlieresi"/>
    <property name="user.language" value="en"/>
    <property name="java.specification.vendor" value="Oracle Corporation"/>
    <property name="java.version.date" value="2024-10-15"/>
    <property name="java.home" value="/opt/jdk-23"/>
    <property name="file.separator" value="/"/>
    <property name="basedir" value="/home/danieludzlieresi/Desktop/backend-project/AuthService/judge-auth"/>
    <property name="java.vm.compressedOopsMode" value="Zero based"/>
    <property name="line.separator" value="&#10;"/>
    <property name="java.specification.name" value="Java Platform API Specification"/>
    <property name="java.vm.specification.vendor" value="Oracle Corporation"/>
    <property name="surefire.real.class.path" value="/home/danieludzlieresi/Desktop/backend-project/AuthService/judge-auth/target/surefire/surefirebooter-20250329223737633_3.jar"/>
    <property name="sun.management.compiler" value="HotSpot 64-Bit Tiered Compilers"/>
    <property name="java.runtime.version" value="23.0.1+11-39"/>
    <property name="user.name" value="danieludzlieresi"/>
    <property name="stdout.encoding" value="UTF-8"/>
    <property name="path.separator" value=":"/>
    <property name="os.version" value="6.1.0-32-amd64"/>
    <property name="java.runtime.name" value="OpenJDK Runtime Environment"/>
    <property name="file.encoding" value="UTF-8"/>
    <property name="java.vm.name" value="OpenJDK 64-Bit Server VM"/>
    <property name="localRepository" value="/home/danieludzlieresi/.m2/repository"/>
    <property name="java.vendor.url.bug" value="https://bugreport.java.com/bugreport/"/>
    <property name="java.io.tmpdir" value="/tmp"/>
    <property name="java.version" value="23.0.1"/>
    <property name="user.dir" value="/home/danieludzlieresi/Desktop/backend-project/AuthService/judge-auth"/>
    <property name="os.arch" value="amd64"/>
    <property name="java.vm.specification.name" value="Java Virtual Machine Specification"/>
    <property name="native.encoding" value="UTF-8"/>
    <property name="java.library.path" value="/usr/java/packages/lib:/usr/lib64:/lib64:/lib:/usr/lib"/>
    <property name="java.vm.info" value="mixed mode, sharing"/>
    <property name="stderr.encoding" value="UTF-8"/>
    <property name="java.vendor" value="Oracle Corporation"/>
    <property name="java.vm.version" value="23.0.1+11-39"/>
    <property name="sun.io.unicode.encoding" value="UnicodeLittle"/>
    <property name="java.class.version" value="67.0"/>
  </properties>
  <testcase name="shouldAnswerWithTrue" classname="com.judge.auth.app.AppTest" time="0.012"/>
</testsuite>